f:\darknet\build\darknet\x64\nogpu_debug\vc140.pdb
f:\darknet\build\darknet\x64\nogpu_debug\vc140.idb
f:\darknet\build\darknet\x64\nogpu_debug\parser.obj
f:\darknet\build\darknet\x64\nogpu_debug\region_layer.obj
f:\darknet\build\darknet\x64\nogpu_debug\reorg_layer.obj
f:\darknet\build\darknet\x64\nogpu_debug\reorg_old_layer.obj
f:\darknet\build\darknet\x64\nogpu_debug\rnn_layer.obj
f:\darknet\build\darknet\x64\nogpu_debug\route_layer.obj
f:\darknet\build\darknet\x64\nogpu_debug\shortcut_layer.obj
f:\darknet\build\darknet\x64\nogpu_debug\softmax_layer.obj
f:\darknet\build\darknet\x64\nogpu_debug\tree.obj
f:\darknet\build\darknet\x64\nogpu_debug\upsample_layer.obj
f:\darknet\build\darknet\x64\nogpu_debug\utils.obj
f:\darknet\build\darknet\x64\nogpu_debug\yolo_layer.obj
f:\darknet\build\darknet\x64\nogpu_debug\detection_layer.obj
f:\darknet\build\darknet\x64\nogpu_debug\dice.obj
f:\darknet\build\darknet\x64\nogpu_debug\dropout_layer.obj
f:\darknet\build\darknet\x64\nogpu_debug\gemm.obj
f:\darknet\build\darknet\x64\nogpu_debug\getopt.obj
f:\darknet\build\darknet\x64\nogpu_debug\gettimeofday.obj
f:\darknet\build\darknet\x64\nogpu_debug\gru_layer.obj
f:\darknet\build\darknet\x64\nogpu_debug\im2col.obj
f:\darknet\build\darknet\x64\nogpu_debug\layer.obj
f:\darknet\build\darknet\x64\nogpu_debug\list.obj
f:\darknet\build\darknet\x64\nogpu_debug\local_layer.obj
f:\darknet\build\darknet\x64\nogpu_debug\matrix.obj
f:\darknet\build\darknet\x64\nogpu_debug\maxpool_layer.obj
f:\darknet\build\darknet\x64\nogpu_debug\network.obj
f:\darknet\build\darknet\x64\nogpu_debug\normalization_layer.obj
f:\darknet\build\darknet\x64\nogpu_debug\option_list.obj
f:\darknet\build\darknet\x64\nogpu_debug\batchnorm_layer.obj
f:\darknet\build\darknet\x64\nogpu_debug\blas.obj
f:\darknet\build\darknet\x64\nogpu_debug\box.obj
f:\darknet\build\darknet\x64\nogpu_debug\captcha.obj
f:\darknet\build\darknet\x64\nogpu_debug\col2im.obj
f:\darknet\build\darknet\x64\nogpu_debug\compare.obj
f:\darknet\build\darknet\x64\nogpu_debug\connected_layer.obj
f:\darknet\build\darknet\x64\nogpu_debug\convolutional_layer.obj
f:\darknet\build\darknet\x64\nogpu_debug\cost_layer.obj
f:\darknet\build\darknet\x64\nogpu_debug\cpu_gemm.obj
f:\darknet\build\darknet\x64\nogpu_debug\crnn_layer.obj
f:\darknet\build\darknet\x64\nogpu_debug\crop_layer.obj
f:\darknet\build\darknet\x64\nogpu_debug\cuda.obj
f:\darknet\build\darknet\x64\nogpu_debug\deconvolutional_layer.obj
f:\darknet\build\darknet\x64\nogpu_debug\activations.obj
f:\darknet\build\darknet\x64\nogpu_debug\activation_layer.obj
f:\darknet\build\darknet\x64\nogpu_debug\avgpool_layer.obj
f:\darknet\build\darknet\x64\nogpu_debug\darknet_no_gpu.tlog\cl.command.1.tlog
f:\darknet\build\darknet\x64\nogpu_debug\darknet_no_gpu.tlog\cl.read.1.tlog
f:\darknet\build\darknet\x64\nogpu_debug\darknet_no_gpu.tlog\cl.write.1.tlog
