e:\darknet\build\darknet\release\vc140.pdb
e:\darknet\build\darknet\release\cuda.obj
e:\darknet\build\darknet\release\crop_layer.obj
e:\darknet\build\darknet\release\crnn_layer.obj
e:\darknet\build\darknet\release\cpu_gemm.obj
e:\darknet\build\darknet\release\cost_layer.obj
e:\darknet\build\darknet\release\convolutional_layer.obj
e:\darknet\build\darknet\release\connected_layer.obj
e:\darknet\build\darknet\release\compare.obj
e:\darknet\build\darknet\release\col2im.obj
e:\darknet\build\darknet\release\coco.obj
e:\darknet\build\darknet\release\classifier.obj
e:\darknet\build\darknet\release\cifar.obj
e:\darknet\build\darknet\release\captcha.obj
e:\darknet\build\darknet\release\box.obj
e:\darknet\build\darknet\release\blas.obj
e:\darknet\build\darknet\release\batchnorm_layer.obj
e:\darknet\build\darknet\release\avgpool_layer.obj
e:\darknet\build\darknet\release\art.obj
e:\darknet\build\darknet\release\activation_layer.obj
e:\darknet\build\darknet\release\activations.obj
e:\darknet\build\darknet\release\maxpool_layer.obj
e:\darknet\build\darknet\release\matrix.obj
e:\darknet\build\darknet\release\local_layer.obj
e:\darknet\build\darknet\release\list.obj
e:\darknet\build\darknet\release\layer.obj
e:\darknet\build\darknet\release\image.obj
e:\darknet\build\darknet\release\im2col.obj
e:\darknet\build\darknet\release\gru_layer.obj
e:\darknet\build\darknet\release\go.obj
e:\darknet\build\darknet\release\gettimeofday.obj
e:\darknet\build\darknet\release\getopt.obj
e:\darknet\build\darknet\release\gemm.obj
e:\darknet\build\darknet\release\dropout_layer.obj
e:\darknet\build\darknet\release\dice.obj
e:\darknet\build\darknet\release\detector.obj
e:\darknet\build\darknet\release\detection_layer.obj
e:\darknet\build\darknet\release\demo.obj
e:\darknet\build\darknet\release\deconvolutional_layer.obj
e:\darknet\build\darknet\release\data.obj
e:\darknet\build\darknet\release\darknet.obj
e:\darknet\build\darknet\release\utils.obj
e:\darknet\build\darknet\release\upsample_layer.obj
e:\darknet\build\darknet\release\tree.obj
e:\darknet\build\darknet\release\tag.obj
e:\darknet\build\darknet\release\swag.obj
e:\darknet\build\darknet\release\super.obj
e:\darknet\build\darknet\release\softmax_layer.obj
e:\darknet\build\darknet\release\shortcut_layer.obj
e:\darknet\build\darknet\release\route_layer.obj
e:\darknet\build\darknet\release\rnn_vid.obj
e:\darknet\build\darknet\release\rnn_layer.obj
e:\darknet\build\darknet\release\rnn.obj
e:\darknet\build\darknet\release\reorg_old_layer.obj
e:\darknet\build\darknet\release\reorg_layer.obj
e:\darknet\build\darknet\release\region_layer.obj
e:\darknet\build\darknet\release\parser.obj
e:\darknet\build\darknet\release\option_list.obj
e:\darknet\build\darknet\release\normalization_layer.obj
e:\darknet\build\darknet\release\nightmare.obj
e:\darknet\build\darknet\release\network.obj
e:\darknet\build\darknet\release\yolo_v3_dll.obj
e:\darknet\build\darknet\release\yolo_layer.obj
e:\darknet\build\darknet\release\yolo.obj
e:\darknet\build\darknet\release\writing.obj
e:\darknet\build\darknet\release\voxel.obj
e:\darknet\build\darknet\release\http_stream.obj
e:\darknet\build\darknet\release\darknet_no_gpu.lib
e:\darknet\build\darknet\release\darknet_no_gpu.exp
e:\darknet\build\darknet\release\darknet_no_gpu.dll
e:\darknet\build\darknet\release\darknet_no_gpu.ipdb
e:\darknet\build\darknet\release\darknet_no_gpu.iobj
e:\darknet\build\darknet\release\darknet_no_gpu.pdb
e:\darknet\build\darknet\release\testbed.ipdb
e:\darknet\build\darknet\release\testbed.iobj
e:\darknet\build\darknet\release\testbed.pdb
e:\darknet\build\darknet\release\darknet_no_gpu.tlog\cl.command.1.tlog
e:\darknet\build\darknet\release\darknet_no_gpu.tlog\cl.read.1.tlog
e:\darknet\build\darknet\release\darknet_no_gpu.tlog\cl.write.1.tlog
e:\darknet\build\darknet\release\darknet_no_gpu.tlog\darknet_no_gpu.write.1u.tlog
e:\darknet\build\darknet\release\darknet_no_gpu.tlog\link.command.1.tlog
e:\darknet\build\darknet\release\darknet_no_gpu.tlog\link.read.1.tlog
e:\darknet\build\darknet\release\darknet_no_gpu.tlog\link.write.1.tlog
